app/build/outputs/logs/manifest-merger-debug-report.txt
-- Merging decision tree log ---
manifest
ADDED from src/main/AndroidManifest.xml:2:1-55:12
INJECTED from src/main/AndroidManifest.xml:2:1-55:12
INJECTED from src/main/AndroidManifest.xml:2:1-55:12
INJECTED from src/main/AndroidManifest.xml:2:1-55:12
MERGED from [com.android.support:design:25.1.1] AndroidManifest.xml:17:1-27:12
MERGED from [com.android.support:appcompat-v7:25.1.1] AndroidManifest.xml:17:1-27:12
MERGED from [com.android.support:animated-vector-drawable:25.1.1] AndroidManifest.xml:17:1-24:12
MERGED from [com.android.support:support-vector-drawable:25.1.1] AndroidManifest.xml:17:1-25:12
MERGED from [com.android.support:recyclerview-v7:25.1.1] AndroidManifest.xml:17:1-22:12
MERGED from [com.android.support:transition:25.1.1] AndroidManifest.xml:17:1-24:12
MERGED from [com.android.support:support-v4:25.1.1] AndroidManifest.xml:17:1-27:12
MERGED from [com.android.support:support-fragment:25.1.1] AndroidManifest.xml:17:1-27:12
MERGED from [com.android.support:support-media-compat:25.1.1] AndroidManifest.xml:17:1-27:12
MERGED from [com.android.support:support-core-utils:25.1.1] AndroidManifest.xml:17:1-27:12
MERGED from [com.android.support:support-core-ui:25.1.1] AndroidManifest.xml:17:1-27:12
MERGED from [com.android.support:support-compat:25.1.1] AndroidManifest.xml:17:1-27:12
INJECTED from src/main/AndroidManifest.xml:2:1-55:12
INJECTED from src/main/AndroidManifest.xml:2:1-55:12
INJECTED from src/main/AndroidManifest.xml:2:1-55:12
	package
		ADDED from src/main/AndroidManifest.xml:4:5-56
		INJECTED from src/main/AndroidManifest.xml
		INJECTED from src/main/AndroidManifest.xml
	android:versionName
		ADDED from src/main/AndroidManifest.xml:6:5-30
		INJECTED from src/main/AndroidManifest.xml
		INJECTED from src/main/AndroidManifest.xml
	xmlns:tools
		ADDED from src/main/AndroidManifest.xml:3:5-51
	xmlns:android
		ADDED from src/main/AndroidManifest.xml:2:11-69
	android:versionCode
		ADDED from src/main/AndroidManifest.xml:5:5-28
		INJECTED from src/main/AndroidManifest.xml
		INJECTED from src/main/AndroidManifest.xml
uses-permission#android.permission.INTERNET
ADDED from src/main/AndroidManifest.xml:9:5-67
	android:name
		ADDED from src/main/AndroidManifest.xml:9:22-64
uses-permission#android.permission.WRITE_EXTERNAL_STORAGE
ADDED from src/main/AndroidManifest.xml:10:5-81
	android:name
		ADDED from src/main/AndroidManifest.xml:10:22-78
uses-permission#android.permission.READ_EXTERNAL_STORAGE
ADDED from src/main/AndroidManifest.xml:11:5-80
	android:name
		ADDED from src/main/AndroidManifest.xml:11:22-77
uses-permission#android.permission.READ_PHONE_STATE
ADDED from src/main/AndroidManifest.xml:12:5-75
	android:name
		ADDED from src/main/AndroidManifest.xml:12:22-72
uses-permission#android.permission.CAMERA
ADDED from src/main/AndroidManifest.xml:13:5-65
	android:name
		ADDED from src/main/AndroidManifest.xml:13:22-62
uses-feature#android.hardware.camera
ADDED from src/main/AndroidManifest.xml:15:5-60
	android:name
		ADDED from src/main/AndroidManifest.xml:15:19-57
uses-feature#android.hardware.camera.autofocus
ADDED from src/main/AndroidManifest.xml:16:5-70
	android:name
		ADDED from src/main/AndroidManifest.xml:16:19-67
uses-permission#android.permission.WRITE_APN_SETTINGS
ADDED from src/main/AndroidManifest.xml:18:5-19:47
	tools:ignore
		ADDED from src/main/AndroidManifest.xml:19:9-44
	android:name
		ADDED from src/main/AndroidManifest.xml:18:22-74
application
ADDED from src/main/AndroidManifest.xml:23:5-53:19
MERGED from [com.android.support:design:25.1.1] AndroidManifest.xml:25:5-20
MERGED from [com.android.support:design:25.1.1] AndroidManifest.xml:25:5-20
MERGED from [com.android.support:appcompat-v7:25.1.1] AndroidManifest.xml:25:5-20
MERGED from [com.android.support:appcompat-v7:25.1.1] AndroidManifest.xml:25:5-20
MERGED from [com.android.support:animated-vector-drawable:25.1.1] AndroidManifest.xml:22:5-20
MERGED from [com.android.support:animated-vector-drawable:25.1.1] AndroidManifest.xml:22:5-20
MERGED from [com.android.support:support-vector-drawable:25.1.1] AndroidManifest.xml:23:5-20
MERGED from [com.android.support:support-vector-drawable:25.1.1] AndroidManifest.xml:23:5-20
MERGED from [com.android.support:transition:25.1.1] AndroidManifest.xml:22:5-20
MERGED from [com.android.support:transition:25.1.1] AndroidManifest.xml:22:5-20
MERGED from [com.android.support:support-v4:25.1.1] AndroidManifest.xml:25:5-20
MERGED from [com.android.support:support-v4:25.1.1] AndroidManifest.xml:25:5-20
MERGED from [com.android.support:support-fragment:25.1.1] AndroidManifest.xml:25:5-20
MERGED from [com.android.support:support-fragment:25.1.1] AndroidManifest.xml:25:5-20
MERGED from [com.android.support:support-media-compat:25.1.1] AndroidManifest.xml:25:5-20
MERGED from [com.android.support:support-media-compat:25.1.1] AndroidManifest.xml:25:5-20
MERGED from [com.android.support:support-core-utils:25.1.1] AndroidManifest.xml:25:5-20
MERGED from [com.android.support:support-core-utils:25.1.1] AndroidManifest.xml:25:5-20
MERGED from [com.android.support:support-core-ui:25.1.1] AndroidManifest.xml:25:5-20
MERGED from [com.android.support:support-core-ui:25.1.1] AndroidManifest.xml:25:5-20
MERGED from [com.android.support:support-compat:25.1.1] AndroidManifest.xml:25:5-20
MERGED from [com.android.support:support-compat:25.1.1] AndroidManifest.xml:25:5-20
	android:sharedUserId
		ADDED from src/main/AndroidManifest.xml:30:9-50
	android:supportsRtl
		ADDED from src/main/AndroidManifest.xml:27:9-35
	android:label
		ADDED from src/main/AndroidManifest.xml:26:9-41
	android:largeHeap
		ADDED from src/main/AndroidManifest.xml:28:9-33
	android:icon
		ADDED from src/main/AndroidManifest.xml:25:9-43
	android:allowBackup
		ADDED from src/main/AndroidManifest.xml:24:9-35
	android:theme
		ADDED from src/main/AndroidManifest.xml:29:9-40
activity#com.xiandian.openstack.cloud.swiftstorage.MainActivity
ADDED from src/main/AndroidManifest.xml:32:9-35:59
	android:label
		ADDED from src/main/AndroidManifest.xml:34:13-45
	android:theme
		ADDED from src/main/AndroidManifest.xml:35:13-56
	android:name
		ADDED from src/main/AndroidManifest.xml:33:13-41
activity#com.xiandian.openstack.cloud.swiftstorage.LoginActivity
ADDED from src/main/AndroidManifest.xml:36:9-40:70
	android:label
		ADDED from src/main/AndroidManifest.xml:38:13-45
	android:windowSoftInputMode
		ADDED from src/main/AndroidManifest.xml:40:13-67
	android:theme
		ADDED from src/main/AndroidManifest.xml:39:13-83
	android:name
		ADDED from src/main/AndroidManifest.xml:37:13-42
activity#com.xiandian.openstack.cloud.swiftstorage.WelcomeActivity
ADDED from src/main/AndroidManifest.xml:41:9-51:20
	android:label
		ADDED from src/main/AndroidManifest.xml:43:13-45
	android:windowSoftInputMode
		ADDED from src/main/AndroidManifest.xml:45:13-67
	android:theme
		ADDED from src/main/AndroidManifest.xml:44:13-83
	android:name
		ADDED from src/main/AndroidManifest.xml:42:13-44
intent-filter#action:name:android.intent.action.MAIN+category:name:android.intent.category.LAUNCHER
ADDED from src/main/AndroidManifest.xml:46:13-50:29
action#android.intent.action.MAIN
ADDED from src/main/AndroidManifest.xml:47:17-69
	android:name
		ADDED from src/main/AndroidManifest.xml:47:25-66
category#android.intent.category.LAUNCHER
ADDED from src/main/AndroidManifest.xml:49:17-77
	android:name
		ADDED from src/main/AndroidManifest.xml:49:27-74
activity#com.xiandian.openstack.cloud.swiftstorage.RegisterActivity
ADDED from src/main/AndroidManifest.xml:52:9-63
	android:name
		ADDED from src/main/AndroidManifest.xml:52:19-51
uses-sdk
INJECTED from src/main/AndroidManifest.xml reason: use-sdk injection requested
INJECTED from src/main/AndroidManifest.xml
INJECTED from src/main/AndroidManifest.xml
MERGED from [com.android.support:design:25.1.1] AndroidManifest.xml:21:5-23:62
MERGED from [com.android.support:design:25.1.1] AndroidManifest.xml:21:5-23:62
MERGED from [com.android.support:appcompat-v7:25.1.1] AndroidManifest.xml:21:5-23:78
MERGED from [com.android.support:appcompat-v7:25.1.1] AndroidManifest.xml:21:5-23:78
MERGED from [com.android.support:animated-vector-drawable:25.1.1] AndroidManifest.xml:20:5-44
MERGED from [com.android.support:animated-vector-drawable:25.1.1] AndroidManifest.xml:20:5-44
MERGED from [com.android.support:support-vector-drawable:25.1.1] AndroidManifest.xml:21:5-43
MERGED from [com.android.support:support-vector-drawable:25.1.1] AndroidManifest.xml:21:5-43
MERGED from [com.android.support:recyclerview-v7:25.1.1] AndroidManifest.xml:20:5-43
MERGED from [com.android.support:recyclerview-v7:25.1.1] AndroidManifest.xml:20:5-43
MERGED from [com.android.support:transition:25.1.1] AndroidManifest.xml:20:5-44
MERGED from [com.android.support:transition:25.1.1] AndroidManifest.xml:20:5-44
MERGED from [com.android.support:support-v4:25.1.1] AndroidManifest.xml:21:5-23:54
MERGED from [com.android.support:support-v4:25.1.1] AndroidManifest.xml:21:5-23:54
MERGED from [com.android.support:support-fragment:25.1.1] AndroidManifest.xml:21:5-23:60
MERGED from [com.android.support:support-fragment:25.1.1] AndroidManifest.xml:21:5-23:60
MERGED from [com.android.support:support-media-compat:25.1.1] AndroidManifest.xml:21:5-23:63
MERGED from [com.android.support:support-media-compat:25.1.1] AndroidManifest.xml:21:5-23:63
MERGED from [com.android.support:support-core-utils:25.1.1] AndroidManifest.xml:21:5-23:61
MERGED from [com.android.support:support-core-utils:25.1.1] AndroidManifest.xml:21:5-23:61
MERGED from [com.android.support:support-core-ui:25.1.1] AndroidManifest.xml:21:5-23:58
MERGED from [com.android.support:support-core-ui:25.1.1] AndroidManifest.xml:21:5-23:58
MERGED from [com.android.support:support-compat:25.1.1] AndroidManifest.xml:21:5-23:58
MERGED from [com.android.support:support-compat:25.1.1] AndroidManifest.xml:21:5-23:58
INJECTED from src/main/AndroidManifest.xml
INJECTED from src/main/AndroidManifest.xml
	tools:overrideLibrary
		ADDED from [com.android.support:design:25.1.1] AndroidManifest.xml:23:9-59
	android:targetSdkVersion
		INJECTED from src/main/AndroidManifest.xml
		ADDED from src/main/AndroidManifest.xml
		INJECTED from src/main/AndroidManifest.xml
	android:minSdkVersion
		INJECTED from src/main/AndroidManifest.xml
		ADDED from src/main/AndroidManifest.xml
		INJECTED from src/main/AndroidManifest.xml